Using pre-set license
Built from '2020.3/release' branch; Version is '2020.3.2f1 (8fd9074bf66c) revision 9427207'; Using compiler version '192528614'; Build Type 'Release'
OS: 'Windows 10 Education; OS build 18363.1440; Version 1909; 64bit' Language: 'en' Physical Memory: 8142 MB
BatchMode: 1, IsHumanControllingUs: 0, StartBugReporterOnCrash: 0, Is64bit: 1, IsPro: 0

 COMMAND LINE ARGUMENTS:
O:\Unity\2020.3.2f1\Editor\Unity.exe
-adb2
-batchMode
-noUpm
-name
AssetImportWorker2
-projectPath
O:/Nomoriv2/Nomori
-logFile
Logs/AssetImportWorker2.log
-srvPort
57330
Successfully changed project path to: O:/Nomoriv2/Nomori
O:/Nomoriv2/Nomori
Using Asset Import Pipeline V2.
Refreshing native plugins compatible for Editor in 64.25 ms, found 0 plugins.
Preloading 0 native plugins for Editor in 0.00 ms.
Initialize engine version: 2020.3.2f1 (8fd9074bf66c)
[Subsystems] Discovering subsystems at path O:/Unity/2020.3.2f1/Editor/Data/Resources/UnitySubsystems
[Subsystems] Discovering subsystems at path O:/Nomoriv2/Nomori/Assets
GfxDevice: creating device client; threaded=0
Direct3D:
    Version:  Direct3D 11.0 [level 11.1]
    Renderer: NVIDIA GeForce GTX 960 (ID=0x1401)
    Vendor:   
    VRAM:     4053 MB
    Driver:   27.21.14.5671
Shader 'Universal Render Pipeline/Particles/Lit': fallback shader 'Universal Render Pipeline/Particles/SimpleLit' not found
Initialize mono
Mono path[0] = 'O:/Unity/2020.3.2f1/Editor/Data/Managed'
Mono path[1] = 'O:/Unity/2020.3.2f1/Editor/Data/MonoBleedingEdge/lib/mono/unityjit'
Mono config path = 'O:/Unity/2020.3.2f1/Editor/Data/MonoBleedingEdge/etc'
Using monoOptions --debugger-agent=transport=dt_socket,embedding=1,server=y,suspend=n,address=127.0.0.1:56116
Begin MonoManager ReloadAssembly
Registering precompiled unity dll's ...
Register platform support module: O:/Unity/2020.3.2f1/Editor/Data/PlaybackEngines/WebGLSupport/UnityEditor.WebGL.Extensions.dll
Register platform support module: O:/Unity/2020.3.2f1/Editor/Data/PlaybackEngines/WindowsStandaloneSupport/UnityEditor.WindowsStandalone.Extensions.dll
Registered in 0.002157 seconds.
Native extension for WindowsStandalone target not found
Native extension for WebGL target not found
Refreshing native plugins compatible for Editor in 63.17 ms, found 0 plugins.
Preloading 0 native plugins for Editor in 0.00 ms.
Invoked RoslynAnalysisRunner static constructor.
RoslynAnalysisRunner will not be running.
RoslynAnalysisRunner has terminated.
Mono: successfully reloaded assembly
- Completed reload, in  1.656 seconds
Platform modules already initialized, skipping
Registering precompiled user dll's ...
Registered in 0.001686 seconds.
Begin MonoManager ReloadAssembly
Native extension for WindowsStandalone target not found
Native extension for WebGL target not found
Refreshing native plugins compatible for Editor in 72.30 ms, found 0 plugins.
Preloading 0 native plugins for Editor in 0.00 ms.
Invoked RoslynAnalysisRunner static constructor.
RoslynAnalysisRunner will not be running.
RoslynAnalysisRunner has terminated.
Mono: successfully reloaded assembly
- Completed reload, in  2.403 seconds
Platform modules already initialized, skipping
========================================================================
Worker process is ready to serve import requests
Shader 'Universal Render Pipeline/Particles/Lit': fallback shader 'Universal Render Pipeline/Particles/SimpleLit' not found
Launched and connected shader compiler UnityShaderCompiler.exe after 0.10 seconds
Refreshing native plugins compatible for Editor in 1.43 ms, found 0 plugins.
Preloading 0 native plugins for Editor in 0.00 ms.
Unloading 2541 Unused Serialized files (Serialized files now loaded: 0)
System memory in use before: 123.2 MB.
System memory in use after: 123.4 MB.

Unloading 10 unused Assets to reduce memory usage. Loaded Objects now: 2990.
Total: 4.768300 ms (FindLiveObjects: 0.898000 ms CreateObjectMapping: 0.360600 ms MarkObjects: 3.327100 ms  DeleteObjects: 0.180100 ms)

========================================================================
Received Import Request.
  path: Assets/Cloudmeshv3.fbx
  artifactKey: Guid(9389ada37e34f9741adb88a78e31c21f) Importer(815301076,1909f56bfc062723c751e8b465ee728b)
Start importing Assets/Cloudmeshv3.fbx using Guid(9389ada37e34f9741adb88a78e31c21f) Importer(815301076,1909f56bfc062723c751e8b465ee728b)  -> (artifact id: '6919b703783638e89eb08c299d75366a') in 1.808660 seconds
  Import took 1.818060 seconds .

========================================================================
Received Import Request.
  Time since last request: 0.000431 seconds.
  path: Assets/New Terrain.asset
  artifactKey: Guid(17bbbb229c09aa04d9bfffd202a9f416) Importer(815301076,1909f56bfc062723c751e8b465ee728b)
Start importing Assets/New Terrain.asset using Guid(17bbbb229c09aa04d9bfffd202a9f416) Importer(815301076,1909f56bfc062723c751e8b465ee728b)  -> (artifact id: 'acab8e2b4e83056a90517a5bee816b9a') in 0.039442 seconds
  Import took 0.046559 seconds .

========================================================================
Received Import Request.
  Time since last request: 0.000187 seconds.
  path: Assets/Block Mat.mat
  artifactKey: Guid(dcb891ee5b0a7a24aa5dabef9b07dd52) Importer(815301076,1909f56bfc062723c751e8b465ee728b)
Start importing Assets/Block Mat.mat using Guid(dcb891ee5b0a7a24aa5dabef9b07dd52) Importer(815301076,1909f56bfc062723c751e8b465ee728b)  -> (artifact id: 'ac6e426ee4485de115a6a5c1afdcda3e') in 0.676945 seconds
  Import took 0.681394 seconds .

========================================================================
Received Import Request.
  Time since last request: 0.000215 seconds.
  path: Assets/New Terrain 1.asset
  artifactKey: Guid(68e1638c445a61949b98e64588b0242e) Importer(815301076,1909f56bfc062723c751e8b465ee728b)
Start importing Assets/New Terrain 1.asset using Guid(68e1638c445a61949b98e64588b0242e) Importer(815301076,1909f56bfc062723c751e8b465ee728b)  -> (artifact id: 'd1de743f7f325f40b95d226d30c8984f') in 0.018775 seconds
  Import took 0.028631 seconds .

========================================================================
Received Import Request.
  Time since last request: 0.000204 seconds.
  path: Assets/CloudMeshV5.fbx
  artifactKey: Guid(f4c77ec9793625f469bdff8a382d1f09) Importer(815301076,1909f56bfc062723c751e8b465ee728b)
Start importing Assets/CloudMeshV5.fbx using Guid(f4c77ec9793625f469bdff8a382d1f09) Importer(815301076,1909f56bfc062723c751e8b465ee728b)  -> (artifact id: '36460f9ecdc34c40ad39f5ab6c2c29f3') in 0.185057 seconds
  Import took 0.190361 seconds .

========================================================================
Received Import Request.
  Time since last request: 0.000189 seconds.
  path: Assets/Clouds.mat
  artifactKey: Guid(8caeb189adfdbe94086867d901c086ba) Importer(815301076,1909f56bfc062723c751e8b465ee728b)
Start importing Assets/Clouds.mat using Guid(8caeb189adfdbe94086867d901c086ba) Importer(815301076,1909f56bfc062723c751e8b465ee728b)  -> (artifact id: '8663ca601a157c81529528363f363dd0') in 0.033438 seconds
  Import took 0.053802 seconds .

========================================================================
Received Import Request.
  Time since last request: 0.000277 seconds.
  path: Assets/Clouds 2.mat
  artifactKey: Guid(2130d11a2a4f5ee4a895a1ac69329bf4) Importer(815301076,1909f56bfc062723c751e8b465ee728b)
Start importing Assets/Clouds 2.mat using Guid(2130d11a2a4f5ee4a895a1ac69329bf4) Importer(815301076,1909f56bfc062723c751e8b465ee728b)  -> (artifact id: '1e60222fd16d1ec4c347116f1941987d') in 0.018931 seconds
  Import took 0.024210 seconds .

========================================================================
Received Import Request.
  Time since last request: 0.000214 seconds.
  path: Assets/CloudMeshV4.fbx
  artifactKey: Guid(42cc214a89ffe404d82ad902698555d2) Importer(815301076,1909f56bfc062723c751e8b465ee728b)
Start importing Assets/CloudMeshV4.fbx using Guid(42cc214a89ffe404d82ad902698555d2) Importer(815301076,1909f56bfc062723c751e8b465ee728b)  -> (artifact id: 'e96db37a945c44ba84b1a85671effee5') in 0.053333 seconds
  Import took 0.070695 seconds .

========================================================================
Received Import Request.
  Time since last request: 0.000405 seconds.
  path: Assets/Clouds 1.mat
  artifactKey: Guid(bfbd92e8716efcb46a54808062dce731) Importer(815301076,1909f56bfc062723c751e8b465ee728b)
Start importing Assets/Clouds 1.mat using Guid(bfbd92e8716efcb46a54808062dce731) Importer(815301076,1909f56bfc062723c751e8b465ee728b)  -> (artifact id: 'b690836efe36d34fd1ebdfb95e28ea98') in 0.020269 seconds
  Import took 0.026061 seconds .

========================================================================
Received Import Request.
  Time since last request: 0.000192 seconds.
  path: Assets/Skybox.mat
  artifactKey: Guid(4761862fc4d6c9d4c93d781bbd868b72) Importer(815301076,1909f56bfc062723c751e8b465ee728b)
Start importing Assets/Skybox.mat using Guid(4761862fc4d6c9d4c93d781bbd868b72) Importer(815301076,1909f56bfc062723c751e8b465ee728b)  -> (artifact id: '52ad954d46594e2bead8cf56849110a5') in 0.026577 seconds
  Import took 0.031920 seconds .

========================================================================
Received Import Request.
  Time since last request: 0.000156 seconds.
  path: Assets/Clouds 1.mat
  artifactKey: Guid(bfbd92e8716efcb46a54808062dce731) Importer(815301076,1909f56bfc062723c751e8b465ee728b)
Start importing Assets/Clouds 1.mat using Guid(bfbd92e8716efcb46a54808062dce731) Importer(815301076,1909f56bfc062723c751e8b465ee728b)  -> (artifact id: 'b690836efe36d34fd1ebdfb95e28ea98') in 0.017658 seconds
  Import took 0.023425 seconds .

========================================================================
Received Import Request.
  Time since last request: 0.000179 seconds.
  path: Assets/Readme.asset
  artifactKey: Guid(83c2ed844a8c74b779a4c823d16594b1) Importer(815301076,1909f56bfc062723c751e8b465ee728b)
Start importing Assets/Readme.asset using Guid(83c2ed844a8c74b779a4c823d16594b1) Importer(815301076,1909f56bfc062723c751e8b465ee728b)  -> (artifact id: '76da366aee205517589073b18f08326b') in 0.009225 seconds
  Import took 0.014138 seconds .

========================================================================
Received Prepare
Registering precompiled user dll's ...
Registered in 0.001618 seconds.
Begin MonoManager ReloadAssembly
Native extension for WindowsStandalone target not found
Native extension for WebGL target not found
Refreshing native plugins compatible for Editor in 0.44 ms, found 0 plugins.
Preloading 0 native plugins for Editor in 0.00 ms.
Invoked RoslynAnalysisRunner static constructor.
RoslynAnalysisRunner will not be running.
RoslynAnalysisRunner has terminated.
Mono: successfully reloaded assembly
- Completed reload, in  1.347 seconds
Platform modules already initialized, skipping
Shader 'Universal Render Pipeline/Particles/Lit': fallback shader 'Universal Render Pipeline/Particles/SimpleLit' not found
Refreshing native plugins compatible for Editor in 0.46 ms, found 0 plugins.
Preloading 0 native plugins for Editor in 0.00 ms.
Unloading 2410 Unused Serialized files (Serialized files now loaded: 0)
System memory in use before: 122.3 MB.
System memory in use after: 122.5 MB.

Unloading 5 unused Assets to reduce memory usage. Loaded Objects now: 3083.
Total: 3.165700 ms (FindLiveObjects: 0.593900 ms CreateObjectMapping: 0.321700 ms MarkObjects: 2.223300 ms  DeleteObjects: 0.024600 ms)

AssetImportWorkerClient::OnTransportError - code=2 error=End of file
